# JRE version: Java(TM) SE Runtime Environment (8.0_301-b09) (build 1.8.0_301-b09)
# Java VM: Java HotSpot(TM) 64-Bit Server VM (25.301-b09 mixed mode windows-amd64 compressed oops)
Heap:
 PSYoungGen      total 363520K, used 36518K [0x000000076b400000, 0x0000000786200000, 0x00000007c0000000)
  eden space 344576K, 5% used [0x000000076b400000,0x000000076c52bab8,0x0000000780480000)
  from space 18944K, 99% used [0x0000000780480000,0x00000007816fde70,0x0000000781700000)
  to   space 21504K, 0% used [0x0000000784d00000,0x0000000784d00000,0x0000000786200000)
 ParOldGen       total 245760K, used 40715K [0x00000006c1c00000, 0x00000006d0c00000, 0x000000076b400000)
  object space 245760K, 16% used [0x00000006c1c00000,0x00000006c43c2d78,0x00000006d0c00000)
 Metaspace       used 71329K, capacity 75174K, committed 75392K, reserved 1114112K
  class space    used 9387K, capacity 10021K, committed 10112K, reserved 1048576K
GC Heap History (10 events):
Event: 15.783 GC heap before
{Heap before GC invocations=16 (full 2):
 PSYoungGen      total 261120K, used 52863K [0x000000076b400000, 0x000000077f700000, 0x00000007c0000000)
  eden space 242176K, 18% used [0x000000076b400000,0x000000076de9e7b8,0x000000077a080000)
  from space 18944K, 48% used [0x000000077a080000,0x000000077a981628,0x000000077b300000)
  to   space 18432K, 0% used [0x000000077e500000,0x000000077e500000,0x000000077f700000)
 ParOldGen       total 160768K, used 41971K [0x00000006c1c00000, 0x00000006cb900000, 0x000000076b400000)
  object space 160768K, 26% used [0x00000006c1c00000,0x00000006c44fce98,0x00000006cb900000)
 Metaspace       used 56638K, capacity 58990K, committed 59096K, reserved 1101824K
  class space    used 7298K, capacity 7740K, committed 7808K, reserved 1048576K
Event: 15.788 GC heap after
Heap after GC invocations=16 (full 2):
 PSYoungGen      total 312320K, used 7066K [0x000000076b400000, 0x000000077f680000, 0x00000007c0000000)
  eden space 294400K, 0% used [0x000000076b400000,0x000000076b400000,0x000000077d380000)
  from space 17920K, 39% used [0x000000077e500000,0x000000077ebe6ad0,0x000000077f680000)
  to   space 17920K, 0% used [0x000000077d380000,0x000000077d380000,0x000000077e500000)
 ParOldGen       total 160768K, used 41979K [0x00000006c1c00000, 0x00000006cb900000, 0x000000076b400000)
  object space 160768K, 26% used [0x00000006c1c00000,0x00000006c44fee98,0x00000006cb900000)
 Metaspace       used 56638K, capacity 58990K, committed 59096K, reserved 1101824K
  class space    used 7298K, capacity 7740K, committed 7808K, reserved 1048576K
}
Event: 15.788 GC heap before
{Heap before GC invocations=17 (full 3):
 PSYoungGen      total 312320K, used 7066K [0x000000076b400000, 0x000000077f680000, 0x00000007c0000000)
  eden space 294400K, 0% used [0x000000076b400000,0x000000076b400000,0x000000077d380000)
  from space 17920K, 39% used [0x000000077e500000,0x000000077ebe6ad0,0x000000077f680000)
  to   space 17920K, 0% used [0x000000077d380000,0x000000077d380000,0x000000077e500000)
 ParOldGen       total 160768K, used 41979K [0x00000006c1c00000, 0x00000006cb900000, 0x000000076b400000)
  object space 160768K, 26% used [0x00000006c1c00000,0x00000006c44fee98,0x00000006cb900000)
 Metaspace       used 56638K, capacity 58990K, committed 59096K, reserved 1101824K
  class space    used 7298K, capacity 7740K, committed 7808K, reserved 1048576K
Event: 15.986 GC heap after
Heap after GC invocations=17 (full 3):
 PSYoungGen      total 312320K, used 0K [0x000000076b400000, 0x000000077f680000, 0x00000007c0000000)
  eden space 294400K, 0% used [0x000000076b400000,0x000000076b400000,0x000000077d380000)
  from space 17920K, 0% used [0x000000077e500000,0x000000077e500000,0x000000077f680000)
  to   space 17920K, 0% used [0x000000077d380000,0x000000077d380000,0x000000077e500000)
 ParOldGen       total 245760K, used 40202K [0x00000006c1c00000, 0x00000006d0c00000, 0x000000076b400000)
  object space 245760K, 16% used [0x00000006c1c00000,0x00000006c4342830,0x00000006d0c00000)
 Metaspace       used 56638K, capacity 58990K, committed 59096K, reserved 1101824K
  class space    used 7298K, capacity 7740K, committed 7808K, reserved 1048576K
}
Event: 17.733 GC heap before
{Heap before GC invocations=18 (full 3):
 PSYoungGen      total 312320K, used 294400K [0x000000076b400000, 0x000000077f680000, 0x00000007c0000000)
  eden space 294400K, 100% used [0x000000076b400000,0x000000077d380000,0x000000077d380000)
  from space 17920K, 0% used [0x000000077e500000,0x000000077e500000,0x000000077f680000)
  to   space 17920K, 0% used [0x000000077d380000,0x000000077d380000,0x000000077e500000)
 ParOldGen       total 245760K, used 40202K [0x00000006c1c00000, 0x00000006d0c00000, 0x000000076b400000)
  object space 245760K, 16% used [0x00000006c1c00000,0x00000006c4342830,0x00000006d0c00000)
 Metaspace       used 60333K, capacity 63216K, committed 63488K, reserved 1103872K
  class space    used 7848K, capacity 8359K, committed 8448K, reserved 1048576K
Event: 17.741 GC heap after
Heap after GC invocations=18 (full 3):
 PSYoungGen      total 312320K, used 10096K [0x000000076b400000, 0x0000000782800000, 0x00000007c0000000)
  eden space 294400K, 0% used [0x000000076b400000,0x000000076b400000,0x000000077d380000)
  from space 17920K, 56% used [0x000000077d380000,0x000000077dd5c3c8,0x000000077e500000)
  to   space 17408K, 0% used [0x0000000781700000,0x0000000781700000,0x0000000782800000)
 ParOldGen       total 245760K, used 40210K [0x00000006c1c00000, 0x00000006d0c00000, 0x000000076b400000)
  object space 245760K, 16% used [0x00000006c1c00000,0x00000006c4344830,0x00000006d0c00000)
 Metaspace       used 60333K, capacity 63216K, committed 63488K, reserved 1103872K
  class space    used 7848K, capacity 8359K, committed 8448K, reserved 1048576K
}
Event: 19.792 GC heap before
{Heap before GC invocations=19 (full 3):
 PSYoungGen      total 312320K, used 304496K [0x000000076b400000, 0x0000000782800000, 0x00000007c0000000)
  eden space 294400K, 100% used [0x000000076b400000,0x000000077d380000,0x000000077d380000)
  from space 17920K, 56% used [0x000000077d380000,0x000000077dd5c3c8,0x000000077e500000)
  to   space 17408K, 0% used [0x0000000781700000,0x0000000781700000,0x0000000782800000)
 ParOldGen       total 245760K, used 40210K [0x00000006c1c00000, 0x00000006d0c00000, 0x000000076b400000)
  object space 245760K, 16% used [0x00000006c1c00000,0x00000006c4344830,0x00000006d0c00000)
 Metaspace       used 63835K, capacity 66918K, committed 67200K, reserved 1107968K
  class space    used 8452K, capacity 9002K, committed 9088K, reserved 1048576K
Event: 19.865 GC heap after
Heap after GC invocations=19 (full 3):
 PSYoungGen      total 361984K, used 16150K [0x000000076b400000, 0x0000000784600000, 0x00000007c0000000)
  eden space 344576K, 0% used [0x000000076b400000,0x000000076b400000,0x0000000780480000)
  from space 17408K, 92% used [0x0000000781700000,0x00000007826c58b0,0x0000000782800000)
  to   space 18944K, 0% used [0x0000000780480000,0x0000000780480000,0x0000000781700000)
 ParOldGen       total 245760K, used 40218K [0x00000006c1c00000, 0x00000006d0c00000, 0x000000076b400000)
  object space 245760K, 16% used [0x00000006c1c00000,0x00000006c4346830,0x00000006d0c00000)
 Metaspace       used 63835K, capacity 66918K, committed 67200K, reserved 1107968K
  class space    used 8452K, capacity 9002K, committed 9088K, reserved 1048576K
}
Event: 53.240 GC heap before
{Heap before GC invocations=20 (full 3):
 PSYoungGen      total 361984K, used 360726K [0x000000076b400000, 0x0000000784600000, 0x00000007c0000000)
  eden space 344576K, 100% used [0x000000076b400000,0x0000000780480000,0x0000000780480000)
  from space 17408K, 92% used [0x0000000781700000,0x00000007826c58b0,0x0000000782800000)
  to   space 18944K, 0% used [0x0000000780480000,0x0000000780480000,0x0000000781700000)
 ParOldGen       total 245760K, used 40218K [0x00000006c1c00000, 0x00000006d0c00000, 0x000000076b400000)
  object space 245760K, 16% used [0x00000006c1c00000,0x00000006c4346830,0x00000006d0c00000)
 Metaspace       used 71316K, capacity 75110K, committed 75392K, reserved 1114112K
  class space    used 9384K, capacity 10021K, committed 10112K, reserved 1048576K
Event: 53.255 GC heap after
Heap after GC invocations=20 (full 3):
 PSYoungGen      total 363520K, used 18935K [0x000000076b400000, 0x0000000786200000, 0x00000007c0000000)
  eden space 344576K, 0% used [0x000000076b400000,0x000000076b400000,0x0000000780480000)
  from space 18944K, 99% used [0x0000000780480000,0x00000007816fde70,0x0000000781700000)
  to   space 21504K, 0% used [0x0000000784d00000,0x0000000784d00000,0x0000000786200000)
 ParOldGen       total 245760K, used 40715K [0x00000006c1c00000, 0x00000006d0c00000, 0x000000076b400000)
  object space 245760K, 16% used [0x00000006c1c00000,0x00000006c43c2d78,0x00000006d0c00000)
 Metaspace       used 71316K, capacity 75110K, committed 75392K, reserved 1114112K
  class space    used 9384K, capacity 10021K, committed 10112K, reserved 1048576K
}

